============================= test session starts =============================
platform win32 -- Python 3.11.9, pytest-9.0.3, pluggy-1.6.0
rootdir: D:\Development\project\fon-mcp
configfile: pyproject.toml
plugins: anyio-4.13.0, asyncio-1.3.0
asyncio: mode=Mode.AUTO, debug=False, asyncio_default_fixture_loop_scope=None, asyncio_default_test_loop_scope=function
collected 48 items

tests\test_analytics.py ............                                     [ 25%]
tests\test_db.py ...........                                             [ 47%]
tests\test_kap_tools.py ...............                                  [ 79%]
tests\test_tefas_tools.py ..........                                     [100%]

============================= 48 passed in 26.89s =============================
